2025-08-13T17:07:44.560+05:30  INFO 18888 --- [CareerCrafter] [main] c.h.c.CareerCrafterApplication           : Starting CareerCrafterApplication using Java 21.0.6 with PID 18888 (D:\MyEclipseWorkspace\CareerCrafter\target\classes started by LENOVO in D:\MyEclipseWorkspace\CareerCrafter)
2025-08-13T17:07:44.561+05:30 DEBUG 18888 --- [CareerCrafter] [main] c.h.c.CareerCrafterApplication           : Running with Spring Boot v3.5.4, Spring v6.2.9
2025-08-13T17:07:44.561+05:30  INFO 18888 --- [CareerCrafter] [main] c.h.c.CareerCrafterApplication           : No active profile set, falling back to 1 default profile: "default"
2025-08-13T17:07:45.137+05:30  INFO 18888 --- [CareerCrafter] [main] .s.d.r.c.RepositoryConfigurationDelegate : Bootstrapping Spring Data JPA repositories in DEFAULT mode.
2025-08-13T17:07:45.205+05:30  INFO 18888 --- [CareerCrafter] [main] .s.d.r.c.RepositoryConfigurationDelegate : Finished Spring Data repository scanning in 56 ms. Found 7 JPA repository interfaces.
2025-08-13T17:07:45.664+05:30  INFO 18888 --- [CareerCrafter] [main] o.s.b.w.embedded.tomcat.TomcatWebServer  : Tomcat initialized with port 8081 (http)
2025-08-13T17:07:45.677+05:30  INFO 18888 --- [CareerCrafter] [main] o.apache.catalina.core.StandardService   : Starting service [Tomcat]
2025-08-13T17:07:45.677+05:30  INFO 18888 --- [CareerCrafter] [main] o.apache.catalina.core.StandardEngine    : Starting Servlet engine: [Apache Tomcat/10.1.43]
2025-08-13T17:07:45.726+05:30  INFO 18888 --- [CareerCrafter] [main] o.a.c.c.C.[Tomcat].[localhost].[/]       : Initializing Spring embedded WebApplicationContext
2025-08-13T17:07:45.727+05:30  INFO 18888 --- [CareerCrafter] [main] w.s.c.ServletWebServerApplicationContext : Root WebApplicationContext: initialization completed in 1132 ms
2025-08-13T17:07:45.848+05:30  INFO 18888 --- [CareerCrafter] [main] o.hibernate.jpa.internal.util.LogHelper  : HHH000204: Processing PersistenceUnitInfo [name: default]
2025-08-13T17:07:45.908+05:30  INFO 18888 --- [CareerCrafter] [main] org.hibernate.Version                    : HHH000412: Hibernate ORM core version 6.6.22.Final
2025-08-13T17:07:45.945+05:30  INFO 18888 --- [CareerCrafter] [main] o.h.c.internal.RegionFactoryInitiator    : HHH000026: Second-level cache disabled
2025-08-13T17:07:46.207+05:30  INFO 18888 --- [CareerCrafter] [main] o.s.o.j.p.SpringPersistenceUnitInfo      : No LoadTimeWeaver setup: ignoring JPA class transformer
2025-08-13T17:07:46.234+05:30  INFO 18888 --- [CareerCrafter] [main] com.zaxxer.hikari.HikariDataSource       : HikariPool-1 - Starting...
2025-08-13T17:07:46.570+05:30  INFO 18888 --- [CareerCrafter] [main] com.zaxxer.hikari.pool.HikariPool        : HikariPool-1 - Added connection com.mysql.cj.jdbc.ConnectionImpl@588d630d
2025-08-13T17:07:46.572+05:30  INFO 18888 --- [CareerCrafter] [main] com.zaxxer.hikari.HikariDataSource       : HikariPool-1 - Start completed.
2025-08-13T17:07:46.641+05:30  WARN 18888 --- [CareerCrafter] [main] org.hibernate.orm.deprecation            : HHH90000025: MySQLDialect does not need to be specified explicitly using 'hibernate.dialect' (remove the property setting and it will be selected by default)
2025-08-13T17:07:46.659+05:30  INFO 18888 --- [CareerCrafter] [main] org.hibernate.orm.connections.pooling    : HHH10001005: Database info:
	Database JDBC URL [Connecting through datasource 'HikariDataSource (HikariPool-1)']
	Database driver: undefined/unknown
	Database version: 8.0.42
	Autocommit mode: undefined/unknown
	Isolation level: undefined/unknown
	Minimum pool size: undefined/unknown
	Maximum pool size: undefined/unknown
2025-08-13T17:07:47.545+05:30  INFO 18888 --- [CareerCrafter] [main] o.h.e.t.j.p.i.JtaPlatformInitiator       : HHH000489: No JTA platform available (set 'hibernate.transaction.jta.platform' to enable JTA platform integration)
2025-08-13T17:07:47.681+05:30  INFO 18888 --- [CareerCrafter] [main] j.LocalContainerEntityManagerFactoryBean : Initialized JPA EntityManagerFactory for persistence unit 'default'
2025-08-13T17:07:47.954+05:30 DEBUG 18888 --- [CareerCrafter] [main] c.h.c.security.JwtRequestFilter          : Filter 'jwtRequestFilter' configured for use
2025-08-13T17:07:48.022+05:30  INFO 18888 --- [CareerCrafter] [main] r$InitializeUserDetailsManagerConfigurer : Global AuthenticationManager configured with UserDetailsService bean with name customUserDetailsService
2025-08-13T17:07:48.094+05:30  WARN 18888 --- [CareerCrafter] [main] JpaBaseConfiguration$JpaWebConfiguration : spring.jpa.open-in-view is enabled by default. Therefore, database queries may be performed during view rendering. Explicitly configure spring.jpa.open-in-view to disable this warning
2025-08-13T17:07:48.563+05:30  INFO 18888 --- [CareerCrafter] [main] o.s.b.w.embedded.tomcat.TomcatWebServer  : Tomcat started on port 8081 (http) with context path '/'
2025-08-13T17:07:48.568+05:30  INFO 18888 --- [CareerCrafter] [main] c.h.c.CareerCrafterApplication           : Started CareerCrafterApplication in 4.334 seconds (process running for 4.861)
2025-08-13T17:11:20.346+05:30  INFO 18888 --- [CareerCrafter] [RMI TCP Connection(7)-127.0.0.1] inMXBeanRegistrar$SpringApplicationAdmin : Application shutdown requested.
2025-08-13T17:11:20.348+05:30  INFO 18888 --- [CareerCrafter] [RMI TCP Connection(7)-127.0.0.1] o.s.b.w.e.tomcat.GracefulShutdown        : Commencing graceful shutdown. Waiting for active requests to complete
2025-08-13T17:11:20.354+05:30  INFO 18888 --- [CareerCrafter] [tomcat-shutdown] o.s.b.w.e.tomcat.GracefulShutdown        : Graceful shutdown complete
2025-08-13T17:11:20.358+05:30  INFO 18888 --- [CareerCrafter] [RMI TCP Connection(7)-127.0.0.1] j.LocalContainerEntityManagerFactoryBean : Closing JPA EntityManagerFactory for persistence unit 'default'
2025-08-13T17:11:20.360+05:30  INFO 18888 --- [CareerCrafter] [RMI TCP Connection(7)-127.0.0.1] com.zaxxer.hikari.HikariDataSource       : HikariPool-1 - Shutdown initiated...
2025-08-13T17:11:20.367+05:30  INFO 18888 --- [CareerCrafter] [RMI TCP Connection(7)-127.0.0.1] com.zaxxer.hikari.HikariDataSource       : HikariPool-1 - Shutdown completed.
2025-08-13T18:13:21.028+05:30  INFO 16276 --- [CareerCrafter] [main] c.h.c.CareerCrafterApplication           : Starting CareerCrafterApplication using Java 21.0.6 with PID 16276 (D:\MyEclipseWorkspace\CareerCrafter\target\classes started by LENOVO in D:\MyEclipseWorkspace\CareerCrafter)
2025-08-13T18:13:21.030+05:30  INFO 16276 --- [CareerCrafter] [main] c.h.c.CareerCrafterApplication           : No active profile set, falling back to 1 default profile: "default"
2025-08-13T18:13:21.769+05:30  INFO 16276 --- [CareerCrafter] [main] .s.d.r.c.RepositoryConfigurationDelegate : Bootstrapping Spring Data JPA repositories in DEFAULT mode.
2025-08-13T18:13:21.838+05:30  INFO 16276 --- [CareerCrafter] [main] .s.d.r.c.RepositoryConfigurationDelegate : Finished Spring Data repository scanning in 60 ms. Found 7 JPA repository interfaces.
2025-08-13T18:13:22.515+05:30  INFO 16276 --- [CareerCrafter] [main] o.s.b.w.embedded.tomcat.TomcatWebServer  : Tomcat initialized with port 8081 (http)
2025-08-13T18:13:22.546+05:30  INFO 16276 --- [CareerCrafter] [main] o.apache.catalina.core.StandardService   : Starting service [Tomcat]
2025-08-13T18:13:22.547+05:30  INFO 16276 --- [CareerCrafter] [main] o.apache.catalina.core.StandardEngine    : Starting Servlet engine: [Apache Tomcat/10.1.43]
2025-08-13T18:13:22.639+05:30  INFO 16276 --- [CareerCrafter] [main] o.a.c.c.C.[Tomcat].[localhost].[/]       : Initializing Spring embedded WebApplicationContext
2025-08-13T18:13:22.640+05:30  INFO 16276 --- [CareerCrafter] [main] w.s.c.ServletWebServerApplicationContext : Root WebApplicationContext: initialization completed in 1578 ms
2025-08-13T18:13:22.845+05:30  INFO 16276 --- [CareerCrafter] [main] o.hibernate.jpa.internal.util.LogHelper  : HHH000204: Processing PersistenceUnitInfo [name: default]
2025-08-13T18:13:22.929+05:30  INFO 16276 --- [CareerCrafter] [main] org.hibernate.Version                    : HHH000412: Hibernate ORM core version 6.6.22.Final
2025-08-13T18:13:22.968+05:30  INFO 16276 --- [CareerCrafter] [main] o.h.c.internal.RegionFactoryInitiator    : HHH000026: Second-level cache disabled
2025-08-13T18:13:23.229+05:30  INFO 16276 --- [CareerCrafter] [main] o.s.o.j.p.SpringPersistenceUnitInfo      : No LoadTimeWeaver setup: ignoring JPA class transformer
2025-08-13T18:13:23.256+05:30  INFO 16276 --- [CareerCrafter] [main] com.zaxxer.hikari.HikariDataSource       : HikariPool-1 - Starting...
2025-08-13T18:13:23.589+05:30  INFO 16276 --- [CareerCrafter] [main] com.zaxxer.hikari.pool.HikariPool        : HikariPool-1 - Added connection com.mysql.cj.jdbc.ConnectionImpl@54997f67
2025-08-13T18:13:23.591+05:30  INFO 16276 --- [CareerCrafter] [main] com.zaxxer.hikari.HikariDataSource       : HikariPool-1 - Start completed.
2025-08-13T18:13:23.653+05:30  WARN 16276 --- [CareerCrafter] [main] org.hibernate.orm.deprecation            : HHH90000025: MySQL8Dialect does not need to be specified explicitly using 'hibernate.dialect' (remove the property setting and it will be selected by default)
2025-08-13T18:13:23.655+05:30  WARN 16276 --- [CareerCrafter] [main] org.hibernate.orm.deprecation            : HHH90000026: MySQL8Dialect has been deprecated; use org.hibernate.dialect.MySQLDialect instead
2025-08-13T18:13:23.673+05:30  INFO 16276 --- [CareerCrafter] [main] org.hibernate.orm.connections.pooling    : HHH10001005: Database info:
	Database JDBC URL [Connecting through datasource 'HikariDataSource (HikariPool-1)']
	Database driver: undefined/unknown
	Database version: 8.0
	Autocommit mode: undefined/unknown
	Isolation level: undefined/unknown
	Minimum pool size: undefined/unknown
	Maximum pool size: undefined/unknown
2025-08-13T18:13:24.578+05:30  INFO 16276 --- [CareerCrafter] [main] o.h.e.t.j.p.i.JtaPlatformInitiator       : HHH000489: No JTA platform available (set 'hibernate.transaction.jta.platform' to enable JTA platform integration)
2025-08-13T18:13:24.709+05:30  INFO 16276 --- [CareerCrafter] [main] j.LocalContainerEntityManagerFactoryBean : Initialized JPA EntityManagerFactory for persistence unit 'default'
2025-08-13T18:13:25.053+05:30 DEBUG 16276 --- [CareerCrafter] [main] c.h.c.security.JwtRequestFilter          : Filter 'jwtRequestFilter' configured for use
2025-08-13T18:13:25.136+05:30  INFO 16276 --- [CareerCrafter] [main] eAuthenticationProviderManagerConfigurer : Global AuthenticationManager configured with AuthenticationProvider bean with name daoAuthenticationProvider
2025-08-13T18:13:25.137+05:30  WARN 16276 --- [CareerCrafter] [main] r$InitializeUserDetailsManagerConfigurer : Global AuthenticationManager configured with an AuthenticationProvider bean. UserDetailsService beans will not be used by Spring Security for automatically configuring username/password login. Consider removing the AuthenticationProvider bean. Alternatively, consider using the UserDetailsService in a manually instantiated DaoAuthenticationProvider. If the current configuration is intentional, to turn off this warning, increase the logging level of 'org.springframework.security.config.annotation.authentication.configuration.InitializeUserDetailsBeanManagerConfigurer' to ERROR
2025-08-13T18:13:25.257+05:30  WARN 16276 --- [CareerCrafter] [main] JpaBaseConfiguration$JpaWebConfiguration : spring.jpa.open-in-view is enabled by default. Therefore, database queries may be performed during view rendering. Explicitly configure spring.jpa.open-in-view to disable this warning
2025-08-13T18:13:25.579+05:30 DEBUG 16276 --- [CareerCrafter] [main] o.s.s.web.DefaultSecurityFilterChain     : Will secure any request with filters: DisableEncodeUrlFilter, WebAsyncManagerIntegrationFilter, SecurityContextHolderFilter, HeaderWriterFilter, LogoutFilter, JwtRequestFilter, RequestCacheAwareFilter, SecurityContextHolderAwareRequestFilter, AnonymousAuthenticationFilter, SessionManagementFilter, ExceptionTranslationFilter, AuthorizationFilter
2025-08-13T18:13:25.836+05:30  INFO 16276 --- [CareerCrafter] [main] o.s.b.w.embedded.tomcat.TomcatWebServer  : Tomcat started on port 8081 (http) with context path '/'
2025-08-13T18:13:25.850+05:30  INFO 16276 --- [CareerCrafter] [main] c.h.c.CareerCrafterApplication           : Started CareerCrafterApplication in 5.226 seconds (process running for 5.759)
2025-08-13T18:18:13.830+05:30  INFO 16276 --- [CareerCrafter] [http-nio-8081-exec-2] o.a.c.c.C.[Tomcat].[localhost].[/]       : Initializing Spring DispatcherServlet 'dispatcherServlet'
2025-08-13T18:18:13.831+05:30  INFO 16276 --- [CareerCrafter] [http-nio-8081-exec-2] o.s.web.servlet.DispatcherServlet        : Initializing Servlet 'dispatcherServlet'
2025-08-13T18:18:13.833+05:30  INFO 16276 --- [CareerCrafter] [http-nio-8081-exec-2] o.s.web.servlet.DispatcherServlet        : Completed initialization in 1 ms
2025-08-13T18:18:13.854+05:30 DEBUG 16276 --- [CareerCrafter] [http-nio-8081-exec-2] o.s.security.web.FilterChainProxy        : Securing POST /api/auth/register
2025-08-13T18:18:13.860+05:30 DEBUG 16276 --- [CareerCrafter] [http-nio-8081-exec-2] o.s.s.w.a.AnonymousAuthenticationFilter  : Set SecurityContextHolder to anonymous SecurityContext
2025-08-13T18:18:13.864+05:30 DEBUG 16276 --- [CareerCrafter] [http-nio-8081-exec-2] o.s.security.web.FilterChainProxy        : Secured POST /api/auth/register
2025-08-13T18:23:05.338+05:30 DEBUG 16276 --- [CareerCrafter] [http-nio-8081-exec-3] o.s.security.web.FilterChainProxy        : Securing POST /api/auth/register
2025-08-13T18:23:05.339+05:30 DEBUG 16276 --- [CareerCrafter] [http-nio-8081-exec-3] o.s.s.w.a.AnonymousAuthenticationFilter  : Set SecurityContextHolder to anonymous SecurityContext
2025-08-13T18:23:05.340+05:30 DEBUG 16276 --- [CareerCrafter] [http-nio-8081-exec-3] o.s.security.web.FilterChainProxy        : Secured POST /api/auth/register
2025-08-13T18:31:01.381+05:30  INFO 16276 --- [CareerCrafter] [RMI TCP Connection(22)-127.0.0.1] inMXBeanRegistrar$SpringApplicationAdmin : Application shutdown requested.
2025-08-13T18:31:01.385+05:30  INFO 16276 --- [CareerCrafter] [RMI TCP Connection(22)-127.0.0.1] o.s.b.w.e.tomcat.GracefulShutdown        : Commencing graceful shutdown. Waiting for active requests to complete
2025-08-13T18:31:01.391+05:30  INFO 16276 --- [CareerCrafter] [tomcat-shutdown] o.s.b.w.e.tomcat.GracefulShutdown        : Graceful shutdown complete
2025-08-13T18:31:01.398+05:30  INFO 16276 --- [CareerCrafter] [RMI TCP Connection(22)-127.0.0.1] j.LocalContainerEntityManagerFactoryBean : Closing JPA EntityManagerFactory for persistence unit 'default'
2025-08-13T18:31:01.404+05:30  INFO 16276 --- [CareerCrafter] [RMI TCP Connection(22)-127.0.0.1] com.zaxxer.hikari.HikariDataSource       : HikariPool-1 - Shutdown initiated...
2025-08-13T18:31:01.413+05:30  INFO 16276 --- [CareerCrafter] [RMI TCP Connection(22)-127.0.0.1] com.zaxxer.hikari.HikariDataSource       : HikariPool-1 - Shutdown completed.
2025-08-13T18:32:48.133+05:30  INFO 19356 --- [CareerCrafter] [main] c.h.c.CareerCrafterApplication           : Starting CareerCrafterApplication using Java 21.0.6 with PID 19356 (D:\MyEclipseWorkspace\CareerCrafter\target\classes started by LENOVO in D:\MyEclipseWorkspace\CareerCrafter)
2025-08-13T18:32:48.134+05:30  INFO 19356 --- [CareerCrafter] [main] c.h.c.CareerCrafterApplication           : No active profile set, falling back to 1 default profile: "default"
2025-08-13T18:32:48.728+05:30  INFO 19356 --- [CareerCrafter] [main] .s.d.r.c.RepositoryConfigurationDelegate : Bootstrapping Spring Data JPA repositories in DEFAULT mode.
2025-08-13T18:32:48.843+05:30  INFO 19356 --- [CareerCrafter] [main] .s.d.r.c.RepositoryConfigurationDelegate : Finished Spring Data repository scanning in 98 ms. Found 7 JPA repository interfaces.
2025-08-13T18:32:49.282+05:30  INFO 19356 --- [CareerCrafter] [main] o.s.b.w.embedded.tomcat.TomcatWebServer  : Tomcat initialized with port 8081 (http)
2025-08-13T18:32:49.294+05:30  INFO 19356 --- [CareerCrafter] [main] o.apache.catalina.core.StandardService   : Starting service [Tomcat]
2025-08-13T18:32:49.295+05:30  INFO 19356 --- [CareerCrafter] [main] o.apache.catalina.core.StandardEngine    : Starting Servlet engine: [Apache Tomcat/10.1.43]
2025-08-13T18:32:49.341+05:30  INFO 19356 --- [CareerCrafter] [main] o.a.c.c.C.[Tomcat].[localhost].[/]       : Initializing Spring embedded WebApplicationContext
2025-08-13T18:32:49.341+05:30  INFO 19356 --- [CareerCrafter] [main] w.s.c.ServletWebServerApplicationContext : Root WebApplicationContext: initialization completed in 1179 ms
2025-08-13T18:32:49.472+05:30  INFO 19356 --- [CareerCrafter] [main] o.hibernate.jpa.internal.util.LogHelper  : HHH000204: Processing PersistenceUnitInfo [name: default]
2025-08-13T18:32:49.541+05:30  INFO 19356 --- [CareerCrafter] [main] org.hibernate.Version                    : HHH000412: Hibernate ORM core version 6.6.22.Final
2025-08-13T18:32:49.581+05:30  INFO 19356 --- [CareerCrafter] [main] o.h.c.internal.RegionFactoryInitiator    : HHH000026: Second-level cache disabled
2025-08-13T18:32:49.792+05:30  INFO 19356 --- [CareerCrafter] [main] o.s.o.j.p.SpringPersistenceUnitInfo      : No LoadTimeWeaver setup: ignoring JPA class transformer
2025-08-13T18:32:49.824+05:30  INFO 19356 --- [CareerCrafter] [main] com.zaxxer.hikari.HikariDataSource       : HikariPool-1 - Starting...
2025-08-13T18:32:50.081+05:30  INFO 19356 --- [CareerCrafter] [main] com.zaxxer.hikari.pool.HikariPool        : HikariPool-1 - Added connection com.mysql.cj.jdbc.ConnectionImpl@2430cf17
2025-08-13T18:32:50.083+05:30  INFO 19356 --- [CareerCrafter] [main] com.zaxxer.hikari.HikariDataSource       : HikariPool-1 - Start completed.
2025-08-13T18:32:50.122+05:30  WARN 19356 --- [CareerCrafter] [main] org.hibernate.orm.deprecation            : HHH90000025: MySQL8Dialect does not need to be specified explicitly using 'hibernate.dialect' (remove the property setting and it will be selected by default)
2025-08-13T18:32:50.123+05:30  WARN 19356 --- [CareerCrafter] [main] org.hibernate.orm.deprecation            : HHH90000026: MySQL8Dialect has been deprecated; use org.hibernate.dialect.MySQLDialect instead
2025-08-13T18:32:50.137+05:30  INFO 19356 --- [CareerCrafter] [main] org.hibernate.orm.connections.pooling    : HHH10001005: Database info:
	Database JDBC URL [Connecting through datasource 'HikariDataSource (HikariPool-1)']
	Database driver: undefined/unknown
	Database version: 8.0
	Autocommit mode: undefined/unknown
	Isolation level: undefined/unknown
	Minimum pool size: undefined/unknown
	Maximum pool size: undefined/unknown
2025-08-13T18:32:50.963+05:30  INFO 19356 --- [CareerCrafter] [main] o.h.e.t.j.p.i.JtaPlatformInitiator       : HHH000489: No JTA platform available (set 'hibernate.transaction.jta.platform' to enable JTA platform integration)
2025-08-13T18:32:51.053+05:30  INFO 19356 --- [CareerCrafter] [main] j.LocalContainerEntityManagerFactoryBean : Initialized JPA EntityManagerFactory for persistence unit 'default'
2025-08-13T18:32:51.296+05:30 DEBUG 19356 --- [CareerCrafter] [main] c.h.c.security.JwtRequestFilter          : Filter 'jwtRequestFilter' configured for use
2025-08-13T18:32:51.370+05:30  INFO 19356 --- [CareerCrafter] [main] eAuthenticationProviderManagerConfigurer : Global AuthenticationManager configured with AuthenticationProvider bean with name daoAuthenticationProvider
2025-08-13T18:32:51.370+05:30  WARN 19356 --- [CareerCrafter] [main] r$InitializeUserDetailsManagerConfigurer : Global AuthenticationManager configured with an AuthenticationProvider bean. UserDetailsService beans will not be used by Spring Security for automatically configuring username/password login. Consider removing the AuthenticationProvider bean. Alternatively, consider using the UserDetailsService in a manually instantiated DaoAuthenticationProvider. If the current configuration is intentional, to turn off this warning, increase the logging level of 'org.springframework.security.config.annotation.authentication.configuration.InitializeUserDetailsBeanManagerConfigurer' to ERROR
2025-08-13T18:32:51.506+05:30  WARN 19356 --- [CareerCrafter] [main] JpaBaseConfiguration$JpaWebConfiguration : spring.jpa.open-in-view is enabled by default. Therefore, database queries may be performed during view rendering. Explicitly configure spring.jpa.open-in-view to disable this warning
2025-08-13T18:32:51.836+05:30 DEBUG 19356 --- [CareerCrafter] [main] o.s.s.web.DefaultSecurityFilterChain     : Will secure any request with filters: DisableEncodeUrlFilter, WebAsyncManagerIntegrationFilter, SecurityContextHolderFilter, HeaderWriterFilter, LogoutFilter, JwtRequestFilter, RequestCacheAwareFilter, SecurityContextHolderAwareRequestFilter, AnonymousAuthenticationFilter, SessionManagementFilter, ExceptionTranslationFilter, AuthorizationFilter
2025-08-13T18:32:52.213+05:30  INFO 19356 --- [CareerCrafter] [main] o.s.b.w.embedded.tomcat.TomcatWebServer  : Tomcat started on port 8081 (http) with context path '/'
2025-08-13T18:32:52.220+05:30  INFO 19356 --- [CareerCrafter] [main] c.h.c.CareerCrafterApplication           : Started CareerCrafterApplication in 4.392 seconds (process running for 4.841)
2025-08-13T18:34:57.181+05:30  INFO 19356 --- [CareerCrafter] [http-nio-8081-exec-3] o.a.c.c.C.[Tomcat].[localhost].[/]       : Initializing Spring DispatcherServlet 'dispatcherServlet'
2025-08-13T18:34:57.181+05:30  INFO 19356 --- [CareerCrafter] [http-nio-8081-exec-3] o.s.web.servlet.DispatcherServlet        : Initializing Servlet 'dispatcherServlet'
2025-08-13T18:34:57.182+05:30  INFO 19356 --- [CareerCrafter] [http-nio-8081-exec-3] o.s.web.servlet.DispatcherServlet        : Completed initialization in 1 ms
2025-08-13T18:34:57.200+05:30 DEBUG 19356 --- [CareerCrafter] [http-nio-8081-exec-3] o.s.security.web.FilterChainProxy        : Securing POST /api/auth/register
2025-08-13T18:34:57.208+05:30 DEBUG 19356 --- [CareerCrafter] [http-nio-8081-exec-3] o.s.s.w.a.AnonymousAuthenticationFilter  : Set SecurityContextHolder to anonymous SecurityContext
2025-08-13T18:34:57.211+05:30 DEBUG 19356 --- [CareerCrafter] [http-nio-8081-exec-3] o.s.security.web.FilterChainProxy        : Secured POST /api/auth/register
2025-08-13T18:36:32.284+05:30 DEBUG 19356 --- [CareerCrafter] [http-nio-8081-exec-4] o.s.security.web.FilterChainProxy        : Securing POST /api/auth/register
2025-08-13T18:36:32.285+05:30 DEBUG 19356 --- [CareerCrafter] [http-nio-8081-exec-4] o.s.s.w.a.AnonymousAuthenticationFilter  : Set SecurityContextHolder to anonymous SecurityContext
2025-08-13T18:36:32.285+05:30 DEBUG 19356 --- [CareerCrafter] [http-nio-8081-exec-4] o.s.security.web.FilterChainProxy        : Secured POST /api/auth/register
2025-08-13T18:37:49.461+05:30 DEBUG 19356 --- [CareerCrafter] [http-nio-8081-exec-5] o.s.security.web.FilterChainProxy        : Securing POST /api/auth/register
2025-08-13T18:37:49.462+05:30 DEBUG 19356 --- [CareerCrafter] [http-nio-8081-exec-5] o.s.s.w.a.AnonymousAuthenticationFilter  : Set SecurityContextHolder to anonymous SecurityContext
2025-08-13T18:37:49.462+05:30 DEBUG 19356 --- [CareerCrafter] [http-nio-8081-exec-5] o.s.security.web.FilterChainProxy        : Secured POST /api/auth/register
2025-08-13T18:38:03.060+05:30 DEBUG 19356 --- [CareerCrafter] [http-nio-8081-exec-8] o.s.security.web.FilterChainProxy        : Securing POST /api/auth/register
2025-08-13T18:38:03.061+05:30 DEBUG 19356 --- [CareerCrafter] [http-nio-8081-exec-8] o.s.s.w.a.AnonymousAuthenticationFilter  : Set SecurityContextHolder to anonymous SecurityContext
2025-08-13T18:38:03.061+05:30 DEBUG 19356 --- [CareerCrafter] [http-nio-8081-exec-8] o.s.security.web.FilterChainProxy        : Secured POST /api/auth/register
2025-08-13T18:39:05.695+05:30 DEBUG 19356 --- [CareerCrafter] [http-nio-8081-exec-2] o.s.security.web.FilterChainProxy        : Securing POST /api/auth/login
2025-08-13T18:39:05.695+05:30 DEBUG 19356 --- [CareerCrafter] [http-nio-8081-exec-2] o.s.s.w.a.AnonymousAuthenticationFilter  : Set SecurityContextHolder to anonymous SecurityContext
2025-08-13T18:39:05.696+05:30 DEBUG 19356 --- [CareerCrafter] [http-nio-8081-exec-2] o.s.security.web.FilterChainProxy        : Secured POST /api/auth/login
2025-08-13T18:41:13.913+05:30 DEBUG 19356 --- [CareerCrafter] [http-nio-8081-exec-1] o.s.security.web.FilterChainProxy        : Securing POST /api/auth/login
2025-08-13T18:41:13.914+05:30 DEBUG 19356 --- [CareerCrafter] [http-nio-8081-exec-1] o.s.s.w.a.AnonymousAuthenticationFilter  : Set SecurityContextHolder to anonymous SecurityContext
2025-08-13T18:41:13.914+05:30 DEBUG 19356 --- [CareerCrafter] [http-nio-8081-exec-1] o.s.security.web.FilterChainProxy        : Secured POST /api/auth/login
2025-08-13T18:45:51.704+05:30 DEBUG 19356 --- [CareerCrafter] [http-nio-8081-exec-6] o.s.security.web.FilterChainProxy        : Securing POST /api/auth/login?email=test@example.com&password=pass123
2025-08-13T18:45:51.708+05:30 DEBUG 19356 --- [CareerCrafter] [http-nio-8081-exec-6] o.s.s.w.a.AnonymousAuthenticationFilter  : Set SecurityContextHolder to anonymous SecurityContext
2025-08-13T18:45:51.708+05:30 DEBUG 19356 --- [CareerCrafter] [http-nio-8081-exec-6] o.s.security.web.FilterChainProxy        : Secured POST /api/auth/login?email=test@example.com&password=pass123
2025-08-13T18:45:51.892+05:30 DEBUG 19356 --- [CareerCrafter] [http-nio-8081-exec-6] o.s.s.a.dao.DaoAuthenticationProvider    : Authenticated user
2025-08-13T18:48:15.236+05:30 DEBUG 19356 --- [CareerCrafter] [http-nio-8081-exec-8] o.s.security.web.FilterChainProxy        : Securing GET /api/jobseekers
2025-08-13T18:48:15.298+05:30 DEBUG 19356 --- [CareerCrafter] [http-nio-8081-exec-8] c.h.c.security.JwtRequestFilter          : JWT authenticated for: test@example.com
2025-08-13T18:48:15.298+05:30 DEBUG 19356 --- [CareerCrafter] [http-nio-8081-exec-8] o.s.security.web.FilterChainProxy        : Secured GET /api/jobseekers
2025-08-13T18:48:15.298+05:30  INFO 19356 --- [CareerCrafter] [http-nio-8081-exec-8] c.h.c.controller.JobSeekerController     : Request to fetch all job seekers
2025-08-13T18:48:15.328+05:30  INFO 19356 --- [CareerCrafter] [http-nio-8081-exec-8] c.h.c.controller.JobSeekerController     : Successfully fetched 1 job seekers
2025-08-13T18:51:16.914+05:30 DEBUG 19356 --- [CareerCrafter] [http-nio-8081-exec-2] o.s.security.web.FilterChainProxy        : Securing POST /api/register
2025-08-13T18:51:16.925+05:30 DEBUG 19356 --- [CareerCrafter] [http-nio-8081-exec-2] c.h.c.security.JwtRequestFilter          : JWT authenticated for: test@example.com
2025-08-13T18:51:16.925+05:30 DEBUG 19356 --- [CareerCrafter] [http-nio-8081-exec-2] o.s.security.web.FilterChainProxy        : Secured POST /api/register
2025-08-13T18:51:33.483+05:30 DEBUG 19356 --- [CareerCrafter] [http-nio-8081-exec-1] o.s.security.web.FilterChainProxy        : Securing POST /api/auth/register
2025-08-13T18:51:33.496+05:30 DEBUG 19356 --- [CareerCrafter] [http-nio-8081-exec-1] c.h.c.security.JwtRequestFilter          : JWT authenticated for: test@example.com
2025-08-13T18:51:33.496+05:30 DEBUG 19356 --- [CareerCrafter] [http-nio-8081-exec-1] o.s.security.web.FilterChainProxy        : Secured POST /api/auth/register
2025-08-13T18:52:02.183+05:30 DEBUG 19356 --- [CareerCrafter] [http-nio-8081-exec-4] o.s.security.web.FilterChainProxy        : Securing POST /api/auth/login?email=abc@example.com&password=securePass123
2025-08-13T18:52:02.191+05:30 DEBUG 19356 --- [CareerCrafter] [http-nio-8081-exec-4] c.h.c.security.JwtRequestFilter          : JWT authenticated for: test@example.com
2025-08-13T18:52:02.195+05:30 DEBUG 19356 --- [CareerCrafter] [http-nio-8081-exec-4] o.s.security.web.FilterChainProxy        : Secured POST /api/auth/login?email=abc@example.com&password=securePass123
2025-08-13T18:52:02.271+05:30 DEBUG 19356 --- [CareerCrafter] [http-nio-8081-exec-4] o.s.s.a.dao.DaoAuthenticationProvider    : Authenticated user
2025-08-13T18:53:54.126+05:30 DEBUG 19356 --- [CareerCrafter] [http-nio-8081-exec-7] o.s.security.web.FilterChainProxy        : Securing POST /api/jobpostings
2025-08-13T18:53:54.139+05:30 DEBUG 19356 --- [CareerCrafter] [http-nio-8081-exec-7] c.h.c.security.JwtRequestFilter          : JWT authenticated for: abc@example.com
2025-08-13T18:53:54.139+05:30 DEBUG 19356 --- [CareerCrafter] [http-nio-8081-exec-7] o.s.security.web.FilterChainProxy        : Secured POST /api/jobpostings
2025-08-13T18:55:02.172+05:30 DEBUG 19356 --- [CareerCrafter] [http-nio-8081-exec-9] o.s.security.web.FilterChainProxy        : Securing POST /api/jobpostings
2025-08-13T18:55:02.185+05:30 DEBUG 19356 --- [CareerCrafter] [http-nio-8081-exec-9] c.h.c.security.JwtRequestFilter          : JWT authenticated for: abc@example.com
2025-08-13T18:55:02.185+05:30 DEBUG 19356 --- [CareerCrafter] [http-nio-8081-exec-9] o.s.security.web.FilterChainProxy        : Secured POST /api/jobpostings
2025-08-13T18:55:02.189+05:30  INFO 19356 --- [CareerCrafter] [http-nio-8081-exec-9] c.h.c.controller.JobPostingController    : Request to create job posting with title: Java Backend Developer
2025-08-13T18:55:02.201+05:30  INFO 19356 --- [CareerCrafter] [http-nio-8081-exec-9] c.h.c.service.JobPostingServiceImpl      : Job posting created with ID: 2
2025-08-13T18:55:02.201+05:30  INFO 19356 --- [CareerCrafter] [http-nio-8081-exec-9] c.h.c.controller.JobPostingController    : Job posting created successfully with ID: 2
2025-08-13T18:56:04.057+05:30 DEBUG 19356 --- [CareerCrafter] [http-nio-8081-exec-3] o.s.security.web.FilterChainProxy        : Securing POST /api/jobpostings
2025-08-13T18:56:04.069+05:30 DEBUG 19356 --- [CareerCrafter] [http-nio-8081-exec-3] c.h.c.security.JwtRequestFilter          : JWT authenticated for: abc@example.com
2025-08-13T18:56:04.069+05:30 DEBUG 19356 --- [CareerCrafter] [http-nio-8081-exec-3] o.s.security.web.FilterChainProxy        : Secured POST /api/jobpostings
2025-08-13T18:56:04.069+05:30  INFO 19356 --- [CareerCrafter] [http-nio-8081-exec-3] c.h.c.controller.JobPostingController    : Request to create job posting with title: Java Backend Developer
2025-08-13T18:56:04.077+05:30  INFO 19356 --- [CareerCrafter] [http-nio-8081-exec-3] c.h.c.service.JobPostingServiceImpl      : Job posting created with ID: 3
2025-08-13T18:56:04.077+05:30  INFO 19356 --- [CareerCrafter] [http-nio-8081-exec-3] c.h.c.controller.JobPostingController    : Job posting created successfully with ID: 3
2025-08-13T19:10:29.637+05:30 DEBUG 19356 --- [CareerCrafter] [http-nio-8081-exec-6] o.s.security.web.FilterChainProxy        : Securing GET /api/jobpostings
2025-08-13T19:10:29.652+05:30 DEBUG 19356 --- [CareerCrafter] [http-nio-8081-exec-6] c.h.c.security.JwtRequestFilter          : JWT authenticated for: abc@example.com
2025-08-13T19:10:29.652+05:30 DEBUG 19356 --- [CareerCrafter] [http-nio-8081-exec-6] o.s.security.web.FilterChainProxy        : Secured GET /api/jobpostings
2025-08-13T19:10:29.653+05:30  INFO 19356 --- [CareerCrafter] [http-nio-8081-exec-6] c.h.c.controller.JobPostingController    : Request to fetch all job postings
2025-08-13T19:10:29.662+05:30  INFO 19356 --- [CareerCrafter] [http-nio-8081-exec-6] c.h.c.controller.JobPostingController    : Fetched 3 job postings
2025-08-13T19:10:42.486+05:30 DEBUG 19356 --- [CareerCrafter] [http-nio-8081-exec-5] o.s.security.web.FilterChainProxy        : Securing GET /api/jobpostings/3
2025-08-13T19:10:42.500+05:30 DEBUG 19356 --- [CareerCrafter] [http-nio-8081-exec-5] c.h.c.security.JwtRequestFilter          : JWT authenticated for: abc@example.com
2025-08-13T19:10:42.500+05:30 DEBUG 19356 --- [CareerCrafter] [http-nio-8081-exec-5] o.s.security.web.FilterChainProxy        : Secured GET /api/jobpostings/3
2025-08-13T19:10:42.502+05:30  INFO 19356 --- [CareerCrafter] [http-nio-8081-exec-5] c.h.c.controller.JobPostingController    : Request to fetch job posting with ID: 3
2025-08-13T19:10:42.515+05:30  INFO 19356 --- [CareerCrafter] [http-nio-8081-exec-5] c.h.c.controller.JobPostingController    : Successfully fetched job posting with ID: 3
2025-08-13T19:18:44.633+05:30  WARN 19356 --- [CareerCrafter] [HikariPool-1:housekeeper] com.zaxxer.hikari.pool.HikariPool        : HikariPool-1 - Thread starvation or clock leap detected (housekeeper delta=2m53s861ms64µs200ns).
2025-08-13T19:42:02.053+05:30  WARN 19356 --- [CareerCrafter] [HikariPool-1:housekeeper] com.zaxxer.hikari.pool.HikariPool        : HikariPool-1 - Thread starvation or clock leap detected (housekeeper delta=21m17s385ms104µs600ns).
2025-08-13T19:44:28.597+05:30  INFO 19356 --- [CareerCrafter] [RMI TCP Connection(50)-127.0.0.1] inMXBeanRegistrar$SpringApplicationAdmin : Application shutdown requested.
2025-08-13T19:44:28.809+05:30  INFO 19356 --- [CareerCrafter] [RMI TCP Connection(50)-127.0.0.1] o.s.b.w.e.tomcat.GracefulShutdown        : Commencing graceful shutdown. Waiting for active requests to complete
2025-08-13T19:44:28.865+05:30  INFO 19356 --- [CareerCrafter] [tomcat-shutdown] o.s.b.w.e.tomcat.GracefulShutdown        : Graceful shutdown complete
2025-08-13T19:44:28.951+05:30  INFO 19356 --- [CareerCrafter] [RMI TCP Connection(50)-127.0.0.1] j.LocalContainerEntityManagerFactoryBean : Closing JPA EntityManagerFactory for persistence unit 'default'
2025-08-13T19:44:29.018+05:30  INFO 19356 --- [CareerCrafter] [RMI TCP Connection(50)-127.0.0.1] com.zaxxer.hikari.HikariDataSource       : HikariPool-1 - Shutdown initiated...
2025-08-13T19:44:29.036+05:30  INFO 19356 --- [CareerCrafter] [RMI TCP Connection(50)-127.0.0.1] com.zaxxer.hikari.HikariDataSource       : HikariPool-1 - Shutdown completed.
2025-08-13T21:34:17.599+05:30  INFO 1980 --- [CareerCrafter] [main] c.h.c.CareerCrafterApplicationTests      : Starting CareerCrafterApplicationTests using Java 21.0.6 with PID 1980 (started by LENOVO in D:\MyEclipseWorkspace\CareerCrafter)
2025-08-13T21:34:17.603+05:30  INFO 1980 --- [CareerCrafter] [main] c.h.c.CareerCrafterApplicationTests      : No active profile set, falling back to 1 default profile: "default"
2025-08-13T21:34:18.463+05:30  INFO 1980 --- [CareerCrafter] [main] .s.d.r.c.RepositoryConfigurationDelegate : Bootstrapping Spring Data JPA repositories in DEFAULT mode.
2025-08-13T21:34:18.554+05:30  INFO 1980 --- [CareerCrafter] [main] .s.d.r.c.RepositoryConfigurationDelegate : Finished Spring Data repository scanning in 80 ms. Found 7 JPA repository interfaces.
2025-08-13T21:34:19.355+05:30  INFO 1980 --- [CareerCrafter] [main] o.hibernate.jpa.internal.util.LogHelper  : HHH000204: Processing PersistenceUnitInfo [name: default]
2025-08-13T21:34:19.444+05:30  INFO 1980 --- [CareerCrafter] [main] org.hibernate.Version                    : HHH000412: Hibernate ORM core version 6.6.22.Final
2025-08-13T21:34:19.487+05:30  INFO 1980 --- [CareerCrafter] [main] o.h.c.internal.RegionFactoryInitiator    : HHH000026: Second-level cache disabled
2025-08-13T21:34:19.887+05:30  INFO 1980 --- [CareerCrafter] [main] o.s.o.j.p.SpringPersistenceUnitInfo      : No LoadTimeWeaver setup: ignoring JPA class transformer
2025-08-13T21:34:19.921+05:30  INFO 1980 --- [CareerCrafter] [main] com.zaxxer.hikari.HikariDataSource       : HikariPool-1 - Starting...
2025-08-13T21:34:20.388+05:30  INFO 1980 --- [CareerCrafter] [main] com.zaxxer.hikari.pool.HikariPool        : HikariPool-1 - Added connection com.mysql.cj.jdbc.ConnectionImpl@39f4a7c4
2025-08-13T21:34:20.390+05:30  INFO 1980 --- [CareerCrafter] [main] com.zaxxer.hikari.HikariDataSource       : HikariPool-1 - Start completed.
2025-08-13T21:34:20.464+05:30  WARN 1980 --- [CareerCrafter] [main] org.hibernate.orm.deprecation            : HHH90000025: MySQL8Dialect does not need to be specified explicitly using 'hibernate.dialect' (remove the property setting and it will be selected by default)
2025-08-13T21:34:20.466+05:30  WARN 1980 --- [CareerCrafter] [main] org.hibernate.orm.deprecation            : HHH90000026: MySQL8Dialect has been deprecated; use org.hibernate.dialect.MySQLDialect instead
2025-08-13T21:34:20.489+05:30  INFO 1980 --- [CareerCrafter] [main] org.hibernate.orm.connections.pooling    : HHH10001005: Database info:
	Database JDBC URL [Connecting through datasource 'HikariDataSource (HikariPool-1)']
	Database driver: undefined/unknown
	Database version: 8.0
	Autocommit mode: undefined/unknown
	Isolation level: undefined/unknown
	Minimum pool size: undefined/unknown
	Maximum pool size: undefined/unknown
2025-08-13T21:34:21.484+05:30  INFO 1980 --- [CareerCrafter] [main] o.h.e.t.j.p.i.JtaPlatformInitiator       : HHH000489: No JTA platform available (set 'hibernate.transaction.jta.platform' to enable JTA platform integration)
2025-08-13T21:34:21.627+05:30  INFO 1980 --- [CareerCrafter] [main] j.LocalContainerEntityManagerFactoryBean : Initialized JPA EntityManagerFactory for persistence unit 'default'
2025-08-13T21:34:22.105+05:30  INFO 1980 --- [CareerCrafter] [main] eAuthenticationProviderManagerConfigurer : Global AuthenticationManager configured with AuthenticationProvider bean with name daoAuthenticationProvider
2025-08-13T21:34:22.106+05:30  WARN 1980 --- [CareerCrafter] [main] r$InitializeUserDetailsManagerConfigurer : Global AuthenticationManager configured with an AuthenticationProvider bean. UserDetailsService beans will not be used by Spring Security for automatically configuring username/password login. Consider removing the AuthenticationProvider bean. Alternatively, consider using the UserDetailsService in a manually instantiated DaoAuthenticationProvider. If the current configuration is intentional, to turn off this warning, increase the logging level of 'org.springframework.security.config.annotation.authentication.configuration.InitializeUserDetailsBeanManagerConfigurer' to ERROR
2025-08-13T21:34:22.265+05:30  WARN 1980 --- [CareerCrafter] [main] JpaBaseConfiguration$JpaWebConfiguration : spring.jpa.open-in-view is enabled by default. Therefore, database queries may be performed during view rendering. Explicitly configure spring.jpa.open-in-view to disable this warning
2025-08-13T21:34:22.711+05:30 DEBUG 1980 --- [CareerCrafter] [main] o.s.s.web.DefaultSecurityFilterChain     : Will secure any request with filters: DisableEncodeUrlFilter, WebAsyncManagerIntegrationFilter, SecurityContextHolderFilter, HeaderWriterFilter, LogoutFilter, JwtRequestFilter, RequestCacheAwareFilter, SecurityContextHolderAwareRequestFilter, AnonymousAuthenticationFilter, SessionManagementFilter, ExceptionTranslationFilter, AuthorizationFilter
2025-08-13T21:34:23.137+05:30  INFO 1980 --- [CareerCrafter] [main] c.h.c.CareerCrafterApplicationTests      : Started CareerCrafterApplicationTests in 5.888 seconds (process running for 6.973)
2025-08-13T21:34:24.215+05:30  INFO 1980 --- [CareerCrafter] [main] c.h.c.service.JobSeekerServiceImpl       : Job seeker created successfully with ID: 1
2025-08-13T21:34:24.240+05:30 ERROR 1980 --- [CareerCrafter] [main] c.h.c.service.JobSeekerServiceImpl       : Job seeker not found with ID: 1
2025-08-13T21:34:24.249+05:30 ERROR 1980 --- [CareerCrafter] [main] c.h.c.service.JobSeekerServiceImpl       : Cannot delete - job seeker not found with ID: 1
2025-08-13T21:34:24.278+05:30 ERROR 1980 --- [CareerCrafter] [main] c.h.c.service.UserServiceImpl            : User with ID 1 not found
2025-08-13T21:34:24.285+05:30 ERROR 1980 --- [CareerCrafter] [main] c.h.c.service.UserServiceImpl            : Cannot delete - User with ID 1 not found
2025-08-13T21:34:24.293+05:30  INFO 1980 --- [CareerCrafter] [main] c.h.c.service.UserServiceImpl            : User created successfully with ID: 1
2025-08-13T21:34:24.390+05:30 ERROR 1980 --- [CareerCrafter] [main] c.h.c.service.ResumeServiceImpl          : Resume with ID 1 not found
2025-08-13T21:34:24.399+05:30 ERROR 1980 --- [CareerCrafter] [main] c.h.c.service.ResumeServiceImpl          : Cannot delete - resume with ID 1 not found
2025-08-13T21:34:24.408+05:30  INFO 1980 --- [CareerCrafter] [main] c.h.c.service.ResumeServiceImpl          : Resume uploaded successfully with ID: 1
2025-08-13T21:34:24.503+05:30 ERROR 1980 --- [CareerCrafter] [main] c.h.c.s.SearchRecommendationServiceImpl  : Search recommendation with ID 1 not found
2025-08-13T21:34:24.508+05:30  INFO 1980 --- [CareerCrafter] [main] c.h.c.s.SearchRecommendationServiceImpl  : Search recommendation created with ID: 1
2025-08-13T21:34:24.513+05:30 ERROR 1980 --- [CareerCrafter] [main] c.h.c.s.SearchRecommendationServiceImpl  : Cannot delete - search recommendation with ID 1 not found
2025-08-13T21:34:24.626+05:30 ERROR 1980 --- [CareerCrafter] [main] c.h.c.service.ApplicationServiceImpl     : Application with ID 1 not found
2025-08-13T21:34:24.637+05:30 ERROR 1980 --- [CareerCrafter] [main] c.h.c.service.ApplicationServiceImpl     : Cannot delete - application with ID 1 not found
2025-08-13T21:34:24.642+05:30  INFO 1980 --- [CareerCrafter] [main] c.h.c.service.ApplicationServiceImpl     : Application created with ID: 1
2025-08-13T21:34:24.711+05:30 ERROR 1980 --- [CareerCrafter] [main] c.h.c.service.EmployerServiceImpl        : Employer with ID 1 not found
2025-08-13T21:34:24.718+05:30  INFO 1980 --- [CareerCrafter] [main] c.h.c.service.EmployerServiceImpl        : Employer created successfully with ID: 1
2025-08-13T21:34:24.729+05:30 ERROR 1980 --- [CareerCrafter] [main] c.h.c.service.EmployerServiceImpl        : Cannot delete - employer with ID 1 does not exist
2025-08-13T21:34:24.802+05:30 ERROR 1980 --- [CareerCrafter] [main] c.h.c.service.JobPostingServiceImpl      : Cannot delete - job posting with ID 1 not found
2025-08-13T21:34:24.808+05:30  INFO 1980 --- [CareerCrafter] [main] c.h.c.service.JobPostingServiceImpl      : Job posting created with ID: 1
2025-08-13T21:34:24.814+05:30 ERROR 1980 --- [CareerCrafter] [main] c.h.c.service.JobPostingServiceImpl      : Job posting with ID 1 not found
2025-08-13T21:34:24.831+05:30  INFO 1980 --- [CareerCrafter] [SpringApplicationShutdownHook] j.LocalContainerEntityManagerFactoryBean : Closing JPA EntityManagerFactory for persistence unit 'default'
2025-08-13T21:34:24.837+05:30  INFO 1980 --- [CareerCrafter] [SpringApplicationShutdownHook] com.zaxxer.hikari.HikariDataSource       : HikariPool-1 - Shutdown initiated...
2025-08-13T21:34:24.866+05:30  INFO 1980 --- [CareerCrafter] [SpringApplicationShutdownHook] com.zaxxer.hikari.HikariDataSource       : HikariPool-1 - Shutdown completed.
